<?xml version="1.0" encoding="UTF-8"?>
<testsuite name="DiscountCalculatorTest" tests="1" skipped="0" failures="0" errors="0" timestamp="2021-07-26T16:40:04" hostname="localhost" time="0.017">
  <properties/>
  <testcase name="shouldReturnOkWhenApplicationIsReady()" classname="DiscountCalculatorTest" time="0.017"/>
  <system-out><![CDATA[]]></system-out>
  <system-err><![CDATA[]]></system-err>
</testsuite>
